/home/jeet/erc_ws/install/mrs_hudson/lib/python3.10/site-packages/mrs_hudson/vel_pub.py
/home/jeet/erc_ws/install/mrs_hudson/lib/python3.10/site-packages/mrs_hudson/mrs_hudson_teleop.py
/home/jeet/erc_ws/install/mrs_hudson/lib/python3.10/site-packages/mrs_hudson/__init__.py
/home/jeet/erc_ws/install/mrs_hudson/lib/python3.10/site-packages/mrs_hudson/__pycache__/vel_pub.cpython-310.pyc
/home/jeet/erc_ws/install/mrs_hudson/lib/python3.10/site-packages/mrs_hudson/__pycache__/mrs_hudson_teleop.cpython-310.pyc
/home/jeet/erc_ws/install/mrs_hudson/lib/python3.10/site-packages/mrs_hudson/__pycache__/__init__.cpython-310.pyc
/home/jeet/erc_ws/install/mrs_hudson/share/ament_index/resource_index/packages/mrs_hudson
/home/jeet/erc_ws/install/mrs_hudson/share/mrs_hudson/package.xml
/home/jeet/erc_ws/install/mrs_hudson/share/mrs_hudson/launch/mrs_hudson_empty_world.launch.py
/home/jeet/erc_ws/install/mrs_hudson/share/mrs_hudson/launch/mrs_hudson_gazebo_rviz.launch.py
/home/jeet/erc_ws/install/mrs_hudson/share/mrs_hudson/models/mrs_hudson.urdf
/home/jeet/erc_ws/install/mrs_hudson/share/mrs_hudson/config/mrs_hudson.rviz
/home/jeet/erc_ws/install/mrs_hudson/share/mrs_hudson/worlds/mrs_hudson.sdf
/home/jeet/erc_ws/install/mrs_hudson/lib/python3.10/site-packages/mrs_hudson-0.0.0-py3.10.egg-info/entry_points.txt
/home/jeet/erc_ws/install/mrs_hudson/lib/python3.10/site-packages/mrs_hudson-0.0.0-py3.10.egg-info/dependency_links.txt
/home/jeet/erc_ws/install/mrs_hudson/lib/python3.10/site-packages/mrs_hudson-0.0.0-py3.10.egg-info/zip-safe
/home/jeet/erc_ws/install/mrs_hudson/lib/python3.10/site-packages/mrs_hudson-0.0.0-py3.10.egg-info/SOURCES.txt
/home/jeet/erc_ws/install/mrs_hudson/lib/python3.10/site-packages/mrs_hudson-0.0.0-py3.10.egg-info/PKG-INFO
/home/jeet/erc_ws/install/mrs_hudson/lib/python3.10/site-packages/mrs_hudson-0.0.0-py3.10.egg-info/top_level.txt
/home/jeet/erc_ws/install/mrs_hudson/lib/python3.10/site-packages/mrs_hudson-0.0.0-py3.10.egg-info/requires.txt
/home/jeet/erc_ws/install/mrs_hudson/lib/mrs_hudson/mrs_hudson_teleop
/home/jeet/erc_ws/install/mrs_hudson/lib/mrs_hudson/vel_pub
