/home/jeet/erc_ws/install/sherlock/lib/python3.10/site-packages/sherlock/talk.py
/home/jeet/erc_ws/install/sherlock/lib/python3.10/site-packages/sherlock/listen_2.py
/home/jeet/erc_ws/install/sherlock/lib/python3.10/site-packages/sherlock/listen_1.py
/home/jeet/erc_ws/install/sherlock/lib/python3.10/site-packages/sherlock/__init__.py
/home/jeet/erc_ws/install/sherlock/lib/python3.10/site-packages/sherlock/__pycache__/talk.cpython-310.pyc
/home/jeet/erc_ws/install/sherlock/lib/python3.10/site-packages/sherlock/__pycache__/listen_2.cpython-310.pyc
/home/jeet/erc_ws/install/sherlock/lib/python3.10/site-packages/sherlock/__pycache__/listen_1.cpython-310.pyc
/home/jeet/erc_ws/install/sherlock/lib/python3.10/site-packages/sherlock/__pycache__/__init__.cpython-310.pyc
/home/jeet/erc_ws/install/sherlock/share/ament_index/resource_index/packages/sherlock
/home/jeet/erc_ws/install/sherlock/share/sherlock/package.xml
/home/jeet/erc_ws/install/sherlock/lib/python3.10/site-packages/sherlock-0.0.0-py3.10.egg-info/entry_points.txt
/home/jeet/erc_ws/install/sherlock/lib/python3.10/site-packages/sherlock-0.0.0-py3.10.egg-info/dependency_links.txt
/home/jeet/erc_ws/install/sherlock/lib/python3.10/site-packages/sherlock-0.0.0-py3.10.egg-info/zip-safe
/home/jeet/erc_ws/install/sherlock/lib/python3.10/site-packages/sherlock-0.0.0-py3.10.egg-info/SOURCES.txt
/home/jeet/erc_ws/install/sherlock/lib/python3.10/site-packages/sherlock-0.0.0-py3.10.egg-info/PKG-INFO
/home/jeet/erc_ws/install/sherlock/lib/python3.10/site-packages/sherlock-0.0.0-py3.10.egg-info/top_level.txt
/home/jeet/erc_ws/install/sherlock/lib/python3.10/site-packages/sherlock-0.0.0-py3.10.egg-info/requires.txt
/home/jeet/erc_ws/install/sherlock/lib/sherlock/publisher1
/home/jeet/erc_ws/install/sherlock/lib/sherlock/publisher2
/home/jeet/erc_ws/install/sherlock/lib/sherlock/subscriber
